{
  "RSpec": {
    "coverage": {
      "/home/bernardo/Documentos/projetos/Switch Dreams/inertia_test/app/helpers/application_helper.rb": {
        "lines": [
          1,
          null
        ]
      },
      "/home/bernardo/Documentos/projetos/Switch Dreams/inertia_test/app/models/task.rb": {
        "lines": [
          1,
          1,
          1,
          1,
          null
        ]
      },
      "/home/bernardo/Documentos/projetos/Switch Dreams/inertia_test/app/models/application_record.rb": {
        "lines": [
          1,
          1,
          null
        ]
      },
      "/home/bernardo/Documentos/projetos/Switch Dreams/inertia_test/app/channels/application_cable/channel.rb": {
        "lines": [
          0,
          0,
          0,
          0
        ],
        "branches": {
        }
      },
      "/home/bernardo/Documentos/projetos/Switch Dreams/inertia_test/app/channels/application_cable/connection.rb": {
        "lines": [
          0,
          0,
          0,
          0
        ],
        "branches": {
        }
      },
      "/home/bernardo/Documentos/projetos/Switch Dreams/inertia_test/app/controllers/application_controller.rb": {
        "lines": [
          0,
          0
        ],
        "branches": {
        }
      },
      "/home/bernardo/Documentos/projetos/Switch Dreams/inertia_test/app/jobs/application_job.rb": {
        "lines": [
          0,
          null,
          null,
          null,
          null,
          null,
          0
        ],
        "branches": {
        }
      },
      "/home/bernardo/Documentos/projetos/Switch Dreams/inertia_test/app/mailers/application_mailer.rb": {
        "lines": [
          0,
          0,
          0,
          0
        ],
        "branches": {
        }
      }
    },
    "timestamp": 1693399750
  }
}
